2024-04-21 13:34:28:3428 [35mhttp[39m: [35m::1 GET /api/status 500 1360 - 8.827 ms[39m
[35m[39m
2024-04-21 13:34:59:3459 [32minfo[39m: [32mChecking the API status: Everything is OK[39m
2024-04-21 13:34:59:3459 [35mhttp[39m: [35m::1 GET /api/status 200 54 - 30.155 ms[39m
[35m[39m
2024-04-21 13:34:59:3459 [35mhttp[39m: [35m::1 GET /favicon.ico 404 150 - 5.718 ms[39m
[35m[39m
2024-04-21 14:07:19:719 [35mhttp[39m: [35m::1 POST /user/login 400 - - 1.363 ms[39m
[35m[39m
2024-04-21 14:07:44:744 [35mhttp[39m: [35m::1 POST /user/login 400 - - 2.437 ms[39m
[35m[39m
2024-04-21 14:08:26:826 [35mhttp[39m: [35m::1 POST /user/login 400 - - 1.529 ms[39m
[35m[39m
2024-04-21 14:09:07:97 [35mhttp[39m: [35m::1 POST /user/login 500 1383 - 10.087 ms[39m
[35m[39m
2024-04-21 14:09:26:926 [35mhttp[39m: [35m::1 POST /user/login 400 - - 3.219 ms[39m
[35m[39m
2024-04-21 14:09:51:951 [35mhttp[39m: [35m::1 POST /user/login 400 - - 3.787 ms[39m
[35m[39m
2024-04-21 14:09:52:952 [35mhttp[39m: [35m::1 POST /user/login 400 - - 1.720 ms[39m
[35m[39m
2024-04-21 14:11:55:1155 [35mhttp[39m: [35m::1 POST /user/login 401 - - 4.818 ms[39m
[35m[39m
2024-04-21 14:12:29:1229 [35mhttp[39m: [35m::1 POST /user/login 401 - - 4.194 ms[39m
[35m[39m
2024-04-21 14:12:53:1253 [35mhttp[39m: [35m::1 POST /user/login 401 - - 3.764 ms[39m
[35m[39m
2024-04-21 14:13:44:1344 [35mhttp[39m: [35m::1 POST /user/login 400 - - 3.753 ms[39m
[35m[39m
2024-04-21 14:18:09:189 [35mhttp[39m: [35m::1 POST /user/register 200 24 - 357.983 ms[39m
[35m[39m
2024-04-21 14:19:25:1925 [35mhttp[39m: [35m::1 POST /user/login 400 - - 3.057 ms[39m
[35m[39m
2024-04-21 14:19:52:1952 [35mhttp[39m: [35m::1 POST /user/login 500 1444 - 3.296 ms[39m
[35m[39m
2024-04-21 14:20:05:205 [35mhttp[39m: [35m::1 POST /user/login 500 1444 - 3.435 ms[39m
[35m[39m
2024-04-21 14:20:20:2020 [35mhttp[39m: [35m::1 POST /user/login 400 - - 1.061 ms[39m
[35m[39m
2024-04-21 14:20:35:2035 [35mhttp[39m: [35m::1 POST /user/login 500 856 - 366.765 ms[39m
[35m[39m
2024-04-21 14:21:41:2141 [35mhttp[39m: [35m::1 POST /user/login 500 856 - 336.774 ms[39m
[35m[39m
2024-04-21 14:21:46:2146 [35mhttp[39m: [35m::1 POST /user/login 400 - - 0.918 ms[39m
[35m[39m
2024-04-21 14:21:47:2147 [35mhttp[39m: [35m::1 POST /user/login 400 - - 0.469 ms[39m
[35m[39m
2024-04-21 14:22:11:2211 [35mhttp[39m: [35m::1 POST /user/login 400 - - 0.963 ms[39m
[35m[39m
2024-04-21 14:23:45:2345 [35mhttp[39m: [35m::1 POST /user/login 500 1444 - 3.430 ms[39m
[35m[39m
2024-04-21 14:23:47:2347 [35mhttp[39m: [35m::1 POST /user/login 500 1444 - 2.340 ms[39m
[35m[39m
2024-04-21 14:24:09:249 [35mhttp[39m: [35m::1 POST /user/login 500 856 - 366.731 ms[39m
[35m[39m
2024-04-21 14:24:43:2443 [35mhttp[39m: [35m::1 POST /user/login 500 856 - 332.591 ms[39m
[35m[39m
2024-04-21 14:25:10:2510 [35mhttp[39m: [35m::1 POST /user/login 500 856 - 337.846 ms[39m
[35m[39m
2024-04-21 14:25:41:2541 [35mhttp[39m: [35m::1 POST /user/login 500 856 - 329.020 ms[39m
[35m[39m
2024-04-21 14:26:38:2638 [35mhttp[39m: [35m::1 POST /user/login 500 856 - 344.815 ms[39m
[35m[39m
2024-04-21 14:27:19:2719 [35mhttp[39m: [35m::1 POST /user/login 500 856 - 333.853 ms[39m
[35m[39m
2024-04-21 14:28:46:2846 [35mhttp[39m: [35m::1 POST /user/login 200 168 - 362.380 ms[39m
[35m[39m
2024-04-21 14:29:58:2958 [35mhttp[39m: [35m::1 GET /profile 404 146 - 7.866 ms[39m
[35m[39m
2024-04-21 14:30:13:3013 [35mhttp[39m: [35m::1 GET /profile 500 1442 - 8.896 ms[39m
[35m[39m
2024-04-21 14:30:32:3032 [35mhttp[39m: [35m::1 GET /profile 500 1423 - 19.028 ms[39m
[35m[39m
2024-04-21 14:31:47:3147 [35mhttp[39m: [35m::1 GET /profile 200 266 - 37.157 ms[39m
[35m[39m
2024-04-21 14:44:04:444 [35mhttp[39m: [35m::1 GET /profile 404 146 - 8.434 ms[39m
[35m[39m
2024-04-21 14:44:16:4416 [35mhttp[39m: [35m::1 GET /user 200 266 - 60.886 ms[39m
[35m[39m
2024-04-21 14:44:22:4422 [35mhttp[39m: [35m::1 GET /blogs 200 15 - 35.917 ms[39m
[35m[39m
2024-04-21 14:44:48:4448 [35mhttp[39m: [35m::1 GET /blogs 200 2 - 27.006 ms[39m
[35m[39m
2024-04-21 14:48:07:487 [35mhttp[39m: [35m::1 GET /blogs?page=1 200 2 - 51.604 ms[39m
[35m[39m
2024-04-21 14:48:16:4816 [35mhttp[39m: [35m::1 GET /blogs?page=1 200 2 - 48.052 ms[39m
[35m[39m
2024-04-21 14:48:43:4843 [35mhttp[39m: [35m::1 GET /blogs?page=1 200 2 - 24.266 ms[39m
[35m[39m
2024-04-21 14:49:18:4918 [35mhttp[39m: [35m::1 GET /blogs?page=1 200 2 - 39.971 ms[39m
[35m[39m
2024-04-21 14:49:25:4925 [35mhttp[39m: [35m::1 GET /blogs 200 2 - 44.182 ms[39m
[35m[39m
2024-04-21 14:51:00:510 [35mhttp[39m: [35m::1 GET /blogs?page=1 200 2 - 38.350 ms[39m
[35m[39m
2024-04-21 14:51:06:516 [35mhttp[39m: [35m::1 GET /blogs?page=1 200 2 - 38.725 ms[39m
[35m[39m
2024-04-21 14:52:28:5228 [35mhttp[39m: [35m::1 GET /blogs?page=1 200 2 - 22.190 ms[39m
[35m[39m
2024-04-21 14:52:35:5235 [35mhttp[39m: [35m::1 GET /user/blogs?page=1 200 2 - 18.942 ms[39m
[35m[39m
2024-04-21 14:52:46:5246 [35mhttp[39m: [35m::1 GET /user/blogs?page=1 200 2 - 41.073 ms[39m
[35m[39m
2024-04-21 14:56:19:5619 [35mhttp[39m: [35m::1 GET /user/blogs?page=1 200 2 - 50.337 ms[39m
[35m[39m
2024-04-21 15:04:16:416 [35mhttp[39m: [35m::1 POST /blogs 200 2 - 17.229 ms[39m
[35m[39m
2024-04-21 15:04:49:449 [35mhttp[39m: [35m::1 POST /blogs 200 304 - 76.701 ms[39m
[35m[39m
2024-04-21 15:04:59:459 [35mhttp[39m: [35m::1 GET /user/blogs?page=1 200 306 - 65.622 ms[39m
[35m[39m
2024-04-21 15:05:42:542 [35mhttp[39m: [35m::1 POST /blogs 200 306 - 41.901 ms[39m
[35m[39m
2024-04-21 15:05:45:545 [35mhttp[39m: [35m::1 GET /user/blogs?page=1 200 613 - 36.312 ms[39m
[35m[39m
2024-04-21 15:05:52:552 [35mhttp[39m: [35m::1 GET /blogs?page=1 200 613 - 15.975 ms[39m
[35m[39m
2024-04-21 15:09:17:917 [35mhttp[39m: [35m::1 GET /blogs?page=1 200 981 - 85.238 ms[39m
[35m[39m
2024-04-21 15:11:26:1126 [35mhttp[39m: [35m::1 GET /blogs?page=1 200 721 - 53.118 ms[39m
[35m[39m
2024-04-21 15:11:49:1149 [35mhttp[39m: [35m::1 GET /blogs/66251d3649aa177021d1e9d7 404 169 - 10.414 ms[39m
[35m[39m
2024-04-21 15:12:01:121 [35mhttp[39m: [35m::1 GET /blog/66251d3649aa177021d1e9d7 200 360 - 138.531 ms[39m
[35m[39m
2024-04-21 15:22:18:2218 [35mhttp[39m: [35m::1 GET /blog/66251d3649aa177021d1e9d7 200 306 - 35.097 ms[39m
[35m[39m
2024-04-21 15:22:20:2220 [35mhttp[39m: [35m::1 GET /blog/66251d3649aa177021d1e9d7 200 306 - 18.801 ms[39m
[35m[39m
2024-04-21 15:38:29:3829 [35mhttp[39m: [35m::1 GET /blog/66251d3649aa177021d1e9d 500 161 - 16.701 ms[39m
[35m[39m
2024-04-21 15:38:36:3836 [35mhttp[39m: [35m::1 GET /blog/66251d3649aa177021d1e9d7 200 306 - 28.501 ms[39m
[35m[39m
2024-04-21 15:39:07:397 [35mhttp[39m: [35m::1 GET /blogs?page=1 200 721 - 53.156 ms[39m
[35m[39m
2024-04-21 15:39:13:3913 [35mhttp[39m: [35m::1 GET /blog/66251d3649aa177021d1e9d7 200 306 - 14.685 ms[39m
[35m[39m
2024-04-21 15:39:29:3929 [35mhttp[39m: [35m::1 GET /blog/66251d3649aa177021d1e9d7 200 306 - 31.492 ms[39m
[35m[39m
2024-04-21 15:39:30:3930 [35mhttp[39m: [35m::1 GET /blog/66251d3649aa177021d1e9d7 200 306 - 15.255 ms[39m
[35m[39m
2024-04-21 15:39:31:3931 [35mhttp[39m: [35m::1 GET /blog/66251d3649aa177021d1e9d7 200 306 - 16.388 ms[39m
[35m[39m
2024-04-21 15:40:15:4015 [35mhttp[39m: [35m::1 GET /blog/66251d3649aa177021d1e9d7 200 306 - 30.053 ms[39m
[35m[39m
2024-04-21 15:41:40:4140 [35mhttp[39m: [35m::1 GET /blog/66251d3649aa177021d1e9d7 200 360 - 57.524 ms[39m
[35m[39m
2024-04-21 15:51:59:5159 [35mhttp[39m: [35m::1 GET /blog/66251d3649aa177021d1e9d7 200 361 - 42.981 ms[39m
[35m[39m
2024-04-21 15:52:05:525 [35mhttp[39m: [35m::1 GET /blog/66251d3649aa177021d1e9d7/publish 404 176 - 7.506 ms[39m
[35m[39m
2024-04-21 15:52:19:5219 [35mhttp[39m: [35m::1 POST /blog/66251d3649aa177021d1e9d7/publish 401 - - 6.186 ms[39m
[35m[39m
2024-04-21 15:52:27:5227 [35mhttp[39m: [35m::1 POST /blog/66251d3649aa177021d1e9d7/publish 200 92 - 41.513 ms[39m
[35m[39m
2024-04-21 15:52:39:5239 [35mhttp[39m: [35m::1 GET /blog/66251d3649aa177021d1e9d7 200 365 - 27.233 ms[39m
[35m[39m
